[0m14:13:34.851214 [debug] [MainThread]: Sending event: {'category': 'dbt', 'action': 'invocation', 'label': 'start', 'context': [<snowplow_tracker.self_describing_json.SelfDescribingJson object at 0x7f244d619300>, <snowplow_tracker.self_describing_json.SelfDescribingJson object at 0x7f244c5d81c0>, <snowplow_tracker.self_describing_json.SelfDescribingJson object at 0x7f244c5d8160>]}


============================== 14:13:34.854957 | b53519c3-f1a6-4f34-8b88-aebedd49f395 ==============================
[0m14:13:34.854957 [info ] [MainThread]: Running with dbt=1.11.8
[0m14:13:34.855710 [debug] [MainThread]: running dbt with arguments {'debug': 'False', 'cache_selected_only': 'False', 'send_anonymous_usage_stats': 'True', 'partial_parse': 'True', 'log_path': 'logs', 'invocation_command': 'dbt init crypto_pipeline', 'version_check': 'True', 'log_format': 'default', 'static_parser': 'True', 'write_json': 'True', 'introspect': 'True', 'no_print': 'None', 'indirect_selection': 'eager', 'log_cache_events': 'False', 'use_experimental_parser': 'False', 'quiet': 'False', 'fail_fast': 'False', 'warn_error_options': 'WarnErrorOptionsV2(error=[], warn=[], silence=[])', 'warn_error': 'None', 'empty': 'None', 'printer_width': '80', 'profiles_dir': '/home/takanuva/.dbt', 'use_colors': 'True', 'target_path': 'None'}
[0m14:13:34.864380 [info ] [MainThread]: Creating dbt configuration folder at /home/takanuva/.dbt
[0m14:13:34.866256 [debug] [MainThread]: Starter project path: /home/takanuva/PycharmProjects/stock-market-data-pipeline/venv/lib/python3.10/site-packages/dbt/include/starter_project
[0m14:13:34.868663 [info ] [MainThread]: 
Your new dbt project "crypto_pipeline" was created!

For more information on how to configure the profiles.yml file,
please consult the dbt documentation here:

  https://docs.getdbt.com/docs/configure-your-profile

One more thing:

Need help? Don't hesitate to reach out to us via GitHub issues or on Slack:

  https://community.getdbt.com/

Happy modeling!

[0m14:13:34.869473 [info ] [MainThread]: Setting up your profile.
[0m14:15:37.124709 [info ] [MainThread]: Profile crypto_pipeline written to /home/takanuva/.dbt/profiles.yml using target's profile_template.yml and your supplied values. Run 'dbt debug' to validate the connection.
[0m14:15:37.128222 [debug] [MainThread]: Resource report: {"command_name": "init", "command_success": true, "command_wall_clock_time": 122.35228, "process_in_blocks": "48", "process_kernel_time": 0.104069, "process_mem_max_rss": "101232", "process_out_blocks": "80", "process_user_time": 1.88926}
[0m14:15:37.129744 [debug] [MainThread]: Command `dbt init` succeeded at 14:15:37.129430 after 122.35 seconds
[0m14:15:37.130867 [debug] [MainThread]: Sending event: {'category': 'dbt', 'action': 'invocation', 'label': 'end', 'context': [<snowplow_tracker.self_describing_json.SelfDescribingJson object at 0x7f244d619300>, <snowplow_tracker.self_describing_json.SelfDescribingJson object at 0x7f244c5d81c0>, <snowplow_tracker.self_describing_json.SelfDescribingJson object at 0x7f244c5d8190>]}
[0m14:15:37.132136 [debug] [MainThread]: Flushing usage events
[0m14:15:37.554176 [debug] [MainThread]: An error was encountered while trying to flush usage events
[0m14:15:54.948750 [debug] [MainThread]: Sending event: {'category': 'dbt', 'action': 'invocation', 'label': 'start', 'context': [<snowplow_tracker.self_describing_json.SelfDescribingJson object at 0x7fa8a9a452d0>, <snowplow_tracker.self_describing_json.SelfDescribingJson object at 0x7fa8a89279d0>, <snowplow_tracker.self_describing_json.SelfDescribingJson object at 0x7fa8a8927c40>]}


============================== 14:15:54.952613 | fd243704-5ac2-44e7-9558-cd74274e7bb5 ==============================
[0m14:15:54.952613 [info ] [MainThread]: Running with dbt=1.11.8
[0m14:15:54.953346 [debug] [MainThread]: running dbt with arguments {'profiles_dir': '/home/takanuva/.dbt', 'fail_fast': 'False', 'version_check': 'True', 'introspect': 'True', 'empty': 'None', 'write_json': 'True', 'use_colors': 'True', 'cache_selected_only': 'False', 'warn_error_options': 'WarnErrorOptionsV2(error=[], warn=[], silence=[])', 'partial_parse': 'True', 'no_print': 'None', 'log_path': 'logs', 'log_format': 'default', 'static_parser': 'True', 'debug': 'False', 'invocation_command': 'dbt debug', 'warn_error': 'None', 'send_anonymous_usage_stats': 'True', 'use_experimental_parser': 'False', 'indirect_selection': 'eager', 'printer_width': '80', 'log_cache_events': 'False', 'quiet': 'False', 'target_path': 'None'}
[0m14:15:54.964254 [info ] [MainThread]: dbt version: 1.11.8
[0m14:15:54.965582 [info ] [MainThread]: python version: 3.10.18
[0m14:15:54.966504 [info ] [MainThread]: python path: /home/takanuva/PycharmProjects/stock-market-data-pipeline/venv/bin/python
[0m14:15:54.967205 [info ] [MainThread]: os info: Linux-5.15.0-79-generic-x86_64-with-glibc2.31
[0m14:15:55.033053 [info ] [MainThread]: Using profiles dir at /home/takanuva/.dbt
[0m14:15:55.033779 [info ] [MainThread]: Using profiles.yml file at /home/takanuva/.dbt/profiles.yml
[0m14:15:55.034260 [info ] [MainThread]: Using dbt_project.yml file at /home/takanuva/PycharmProjects/stock-market-data-pipeline/dbt/dbt_project.yml
[0m14:15:55.034982 [info ] [MainThread]: adapter type: postgres
[0m14:15:55.035461 [info ] [MainThread]: adapter version: 1.10.0
[0m14:15:55.035884 [info ] [MainThread]: Configuration:
[0m14:15:55.036291 [info ] [MainThread]:   profiles.yml file [[32mOK found and valid[0m]
[0m14:15:55.036679 [info ] [MainThread]:   dbt_project.yml file [[31mERROR not found[0m]
[0m14:15:55.037100 [info ] [MainThread]: Required dependencies:
[0m14:15:55.037559 [debug] [MainThread]: Executing "git --help"
[0m14:15:55.047217 [debug] [MainThread]: STDOUT: "b"usage: git [-v | --version] [-h | --help] [-C <path>] [-c <name>=<value>]\n           [--exec-path[=<path>]] [--html-path] [--man-path] [--info-path]\n           [-p | --paginate | -P | --no-pager] [--no-replace-objects] [--no-lazy-fetch]\n           [--no-optional-locks] [--no-advice] [--bare] [--git-dir=<path>]\n           [--work-tree=<path>] [--namespace=<name>] [--config-env=<name>=<envvar>]\n           <command> [<args>]\n\nThese are common Git commands used in various situations:\n\nstart a working area (see also: git help tutorial)\n   clone      Clone a repository into a new directory\n   init       Create an empty Git repository or reinitialise an existing one\n\nwork on the current change (see also: git help everyday)\n   add        Add file contents to the index\n   mv         Move or rename a file, a directory, or a symlink\n   restore    Restore working tree files\n   rm         Remove files from the working tree and from the index\n\nexamine the history and state (see also: git help revisions)\n   bisect     Use binary search to find the commit that introduced a bug\n   diff       Show changes between commits, commit and working tree, etc\n   grep       Print lines matching a pattern\n   log        Show commit logs\n   show       Show various types of objects\n   status     Show the working tree status\n\ngrow, mark and tweak your common history\n   backfill   Download missing objects in a partial clone\n   branch     List, create, or delete branches\n   commit     Record changes to the repository\n   merge      Join two or more development histories together\n   rebase     Reapply commits on top of another base tip\n   reset      Reset current HEAD to the specified state\n   switch     Switch branches\n   tag        Create, list, delete or verify a tag object signed with GPG\n\ncollaborate (see also: git help workflows)\n   fetch      Download objects and refs from another repository\n   pull       Fetch from and integrate with another repository or a local branch\n   push       Update remote refs along with associated objects\n\n'git help -a' and 'git help -g' list available subcommands and some\nconcept guides. See 'git help <command>' or 'git help <concept>'\nto read about a specific subcommand or concept.\nSee 'git help git' for an overview of the system.\n""
[0m14:15:55.048257 [debug] [MainThread]: STDERR: "b''"
[0m14:15:55.049091 [info ] [MainThread]:  - git [[32mOK found[0m]

[0m14:15:55.049996 [info ] [MainThread]: Connection:
[0m14:15:55.050852 [info ] [MainThread]:   host: 127.0.0.1
[0m14:15:55.051682 [info ] [MainThread]:   port: 55432
[0m14:15:55.052423 [info ] [MainThread]:   user: crypto_user
[0m14:15:55.053167 [info ] [MainThread]:   database: crypto_db
[0m14:15:55.053889 [info ] [MainThread]:   schema: analytics
[0m14:15:55.054602 [info ] [MainThread]:   connect_timeout: 10
[0m14:15:55.055306 [info ] [MainThread]:   role: None
[0m14:15:55.056004 [info ] [MainThread]:   search_path: None
[0m14:15:55.056702 [info ] [MainThread]:   keepalives_idle: 0
[0m14:15:55.057444 [info ] [MainThread]:   sslmode: None
[0m14:15:55.058245 [info ] [MainThread]:   sslcert: None
[0m14:15:55.059033 [info ] [MainThread]:   sslkey: None
[0m14:15:55.059800 [info ] [MainThread]:   sslrootcert: None
[0m14:15:55.060513 [info ] [MainThread]:   application_name: dbt
[0m14:15:55.061277 [info ] [MainThread]:   retries: 1
[0m14:15:55.062317 [info ] [MainThread]: Registered adapter: postgres=1.10.0
[0m14:15:55.157862 [debug] [MainThread]: Acquiring new postgres connection 'debug'
[0m14:15:55.193213 [debug] [MainThread]: Using postgres connection "debug"
[0m14:15:55.193854 [debug] [MainThread]: On debug: select 1 as id
[0m14:15:55.194285 [debug] [MainThread]: Opening a new connection, currently in state init
[0m14:15:55.242006 [debug] [MainThread]: Postgres adapter: Got a retryable error when attempting to open a postgres connection.
1 attempts remaining. Retrying in 0 seconds.
Error:
connection to server at "127.0.0.1", port 55432 failed: FATAL:  password authentication failed for user "crypto_user"

[0m14:15:55.259066 [debug] [MainThread]: Postgres adapter: Error running SQL: select 1 as id
[0m14:15:55.259678 [debug] [MainThread]: Postgres adapter: Rolling back transaction.
[0m14:15:55.260161 [debug] [MainThread]: On debug: No close available on handle
[0m14:15:55.260587 [info ] [MainThread]:   Connection test: [[31mERROR[0m]

[0m14:15:55.261139 [info ] [MainThread]: [31m2 checks failed:[0m
[0m14:15:55.261647 [info ] [MainThread]: Project loading failed for the following reason:
 project path </home/takanuva/PycharmProjects/stock-market-data-pipeline/dbt/dbt_project.yml> not found

[0m14:15:55.262183 [info ] [MainThread]: dbt was unable to connect to the specified database.
The database returned the following error:

  >Database Error
  connection to server at "127.0.0.1", port 55432 failed: FATAL:  password authentication failed for user "crypto_user"
  

Check your database credentials and try again. For more information, visit:
https://docs.getdbt.com/docs/configure-your-profile


[0m14:15:55.263569 [debug] [MainThread]: Resource report: {"command_name": "debug", "command_success": false, "command_wall_clock_time": 0.3948107, "process_in_blocks": "5672", "process_kernel_time": 0.104032, "process_mem_max_rss": "111188", "process_out_blocks": "24", "process_user_time": 1.92861}
[0m14:15:55.264370 [debug] [MainThread]: Command `dbt debug` failed at 14:15:55.264226 after 0.40 seconds
[0m14:15:55.264904 [debug] [MainThread]: Connection 'debug' was properly closed.
[0m14:15:55.265486 [debug] [MainThread]: Sending event: {'category': 'dbt', 'action': 'invocation', 'label': 'end', 'context': [<snowplow_tracker.self_describing_json.SelfDescribingJson object at 0x7fa8a9a452d0>, <snowplow_tracker.self_describing_json.SelfDescribingJson object at 0x7fa8a6a71d20>, <snowplow_tracker.self_describing_json.SelfDescribingJson object at 0x7fa8a6a71b10>]}
[0m14:15:55.266110 [debug] [MainThread]: Flushing usage events
[0m14:15:55.651238 [debug] [MainThread]: An error was encountered while trying to flush usage events
